# JRE version: Java(TM) SE Runtime Environment (17.0.9+11) (build 17.0.9+11-LTS-201)
# Java VM: Java HotSpot(TM) 64-Bit Server VM (17.0.9+11-LTS-201, mixed mode, sharing, tiered, compressed oops, compressed class ptrs, g1 gc, windows-amd64)
GC Precious Log:
 CPUs: 4 total, 4 available
 Memory: 7834M
 Large Page Support: Disabled
 NUMA Support: Disabled
 Compressed Oops: Enabled (32-bit)
 Heap Region Size: 1M
 Heap Min Capacity: 8M
 Heap Initial Capacity: 124M
 Heap Max Capacity: 1960M
 Pre-touch: Disabled
 Parallel Workers: 4
 Concurrent Workers: 1
 Concurrent Refinement Workers: 4
 Periodic GC: Disabled
Heap:
 garbage-first heap   total 75776K, used 39434K [0x0000000085800000, 0x0000000100000000)
  region size 1024K, 13 young (13312K), 1 survivors (1024K)
 Metaspace       used 72870K, committed 73728K, reserved 1114112K
  class space    used 9417K, committed 9792K, reserved 1048576K
GC Heap History (20 events):
Event: 1954.697 GC heap before
{Heap before GC invocations=45 (full 0):
 garbage-first heap   total 75776K, used 65437K [0x0000000085800000, 0x0000000100000000)
  region size 1024K, 37 young (37888K), 1 survivors (1024K)
 Metaspace       used 72957K, committed 73728K, reserved 1114112K
  class space    used 9445K, committed 9792K, reserved 1048576K
}
Event: 1954.699 GC heap after
{Heap after GC invocations=46 (full 0):
 garbage-first heap   total 75776K, used 28649K [0x0000000085800000, 0x0000000100000000)
  region size 1024K, 1 young (1024K), 1 survivors (1024K)
 Metaspace       used 72957K, committed 73728K, reserved 1114112K
  class space    used 9445K, committed 9792K, reserved 1048576K
}
Event: 1964.056 GC heap before
{Heap before GC invocations=46 (full 0):
 garbage-first heap   total 75776K, used 65513K [0x0000000085800000, 0x0000000100000000)
  region size 1024K, 37 young (37888K), 1 survivors (1024K)
 Metaspace       used 72969K, committed 73728K, reserved 1114112K
  class space    used 9445K, committed 9792K, reserved 1048576K
}
Event: 1964.058 GC heap after
{Heap after GC invocations=47 (full 0):
 garbage-first heap   total 75776K, used 28673K [0x0000000085800000, 0x0000000100000000)
  region size 1024K, 1 young (1024K), 1 survivors (1024K)
 Metaspace       used 72969K, committed 73728K, reserved 1114112K
  class space    used 9445K, committed 9792K, reserved 1048576K
}
Event: 1971.418 GC heap before
{Heap before GC invocations=47 (full 0):
 garbage-first heap   total 75776K, used 65537K [0x0000000085800000, 0x0000000100000000)
  region size 1024K, 37 young (37888K), 1 survivors (1024K)
 Metaspace       used 72975K, committed 73728K, reserved 1114112K
  class space    used 9445K, committed 9792K, reserved 1048576K
}
Event: 1971.420 GC heap after
{Heap after GC invocations=48 (full 0):
 garbage-first heap   total 75776K, used 28681K [0x0000000085800000, 0x0000000100000000)
  region size 1024K, 1 young (1024K), 1 survivors (1024K)
 Metaspace       used 72975K, committed 73728K, reserved 1114112K
  class space    used 9445K, committed 9792K, reserved 1048576K
}
Event: 1978.769 GC heap before
{Heap before GC invocations=49 (full 0):
 garbage-first heap   total 75776K, used 65545K [0x0000000085800000, 0x0000000100000000)
  region size 1024K, 37 young (37888K), 1 survivors (1024K)
 Metaspace       used 72883K, committed 73728K, reserved 1114112K
  class space    used 9421K, committed 9792K, reserved 1048576K
}
Event: 1978.772 GC heap after
{Heap after GC invocations=50 (full 0):
 garbage-first heap   total 75776K, used 28685K [0x0000000085800000, 0x0000000100000000)
  region size 1024K, 1 young (1024K), 1 survivors (1024K)
 Metaspace       used 72883K, committed 73728K, reserved 1114112K
  class space    used 9421K, committed 9792K, reserved 1048576K
}
Event: 1979.190 GC heap before
{Heap before GC invocations=50 (full 0):
 garbage-first heap   total 75776K, used 30733K [0x0000000085800000, 0x0000000100000000)
  region size 1024K, 3 young (3072K), 1 survivors (1024K)
 Metaspace       used 72883K, committed 73728K, reserved 1114112K
  class space    used 9421K, committed 9792K, reserved 1048576K
}
Event: 1979.194 GC heap after
{Heap after GC invocations=51 (full 0):
 garbage-first heap   total 75776K, used 28383K [0x0000000085800000, 0x0000000100000000)
  region size 1024K, 1 young (1024K), 1 survivors (1024K)
 Metaspace       used 72883K, committed 73728K, reserved 1114112K
  class space    used 9421K, committed 9792K, reserved 1048576K
}
Event: 1984.610 GC heap before
{Heap before GC invocations=51 (full 0):
 garbage-first heap   total 75776K, used 65247K [0x0000000085800000, 0x0000000100000000)
  region size 1024K, 37 young (37888K), 1 survivors (1024K)
 Metaspace       used 72884K, committed 73728K, reserved 1114112K
  class space    used 9422K, committed 9792K, reserved 1048576K
}
Event: 1984.611 GC heap after
{Heap after GC invocations=52 (full 0):
 garbage-first heap   total 75776K, used 28457K [0x0000000085800000, 0x0000000100000000)
  region size 1024K, 1 young (1024K), 1 survivors (1024K)
 Metaspace       used 72884K, committed 73728K, reserved 1114112K
  class space    used 9422K, committed 9792K, reserved 1048576K
}
Event: 1991.103 GC heap before
{Heap before GC invocations=52 (full 0):
 garbage-first heap   total 75776K, used 65321K [0x0000000085800000, 0x0000000100000000)
  region size 1024K, 37 young (37888K), 1 survivors (1024K)
 Metaspace       used 72885K, committed 73728K, reserved 1114112K
  class space    used 9422K, committed 9792K, reserved 1048576K
}
Event: 1991.105 GC heap after
{Heap after GC invocations=53 (full 0):
 garbage-first heap   total 75776K, used 28467K [0x0000000085800000, 0x0000000100000000)
  region size 1024K, 1 young (1024K), 1 survivors (1024K)
 Metaspace       used 72885K, committed 73728K, reserved 1114112K
  class space    used 9422K, committed 9792K, reserved 1048576K
}
Event: 1996.291 GC heap before
{Heap before GC invocations=53 (full 0):
 garbage-first heap   total 75776K, used 65331K [0x0000000085800000, 0x0000000100000000)
  region size 1024K, 37 young (37888K), 1 survivors (1024K)
 Metaspace       used 72887K, committed 73728K, reserved 1114112K
  class space    used 9422K, committed 9792K, reserved 1048576K
}
Event: 1996.293 GC heap after
{Heap after GC invocations=54 (full 0):
 garbage-first heap   total 75776K, used 28477K [0x0000000085800000, 0x0000000100000000)
  region size 1024K, 1 young (1024K), 1 survivors (1024K)
 Metaspace       used 72887K, committed 73728K, reserved 1114112K
  class space    used 9422K, committed 9792K, reserved 1048576K
}
Event: 2006.626 GC heap before
{Heap before GC invocations=55 (full 0):
 garbage-first heap   total 75776K, used 65341K [0x0000000085800000, 0x0000000100000000)
  region size 1024K, 37 young (37888K), 1 survivors (1024K)
 Metaspace       used 72870K, committed 73728K, reserved 1114112K
  class space    used 9417K, committed 9792K, reserved 1048576K
}
Event: 2006.628 GC heap after
{Heap after GC invocations=56 (full 0):
 garbage-first heap   total 75776K, used 28484K [0x0000000085800000, 0x0000000100000000)
  region size 1024K, 1 young (1024K), 1 survivors (1024K)
 Metaspace       used 72870K, committed 73728K, reserved 1114112K
  class space    used 9417K, committed 9792K, reserved 1048576K
}
Event: 2006.897 GC heap before
{Heap before GC invocations=56 (full 0):
 garbage-first heap   total 75776K, used 30532K [0x0000000085800000, 0x0000000100000000)
  region size 1024K, 3 young (3072K), 1 survivors (1024K)
 Metaspace       used 72870K, committed 73728K, reserved 1114112K
  class space    used 9417K, committed 9792K, reserved 1048576K
}
Event: 2006.901 GC heap after
{Heap after GC invocations=57 (full 0):
 garbage-first heap   total 75776K, used 28170K [0x0000000085800000, 0x0000000100000000)
  region size 1024K, 1 young (1024K), 1 survivors (1024K)
 Metaspace       used 72870K, committed 73728K, reserved 1114112K
  class space    used 9417K, committed 9792K, reserved 1048576K
}

